This is LuajitTeX, Version 1.0.4 (TeX Live 2017/W32TeX)  (format=luajitlatex 2018.2.27)  20 JAN 2019 18:44
 system commands enabled.
**NenokuniSection1
(./NenokuniSection1.tex
LaTeX2e <2017-04-15>
Lua module: luaotfload-main 2017/01/29 2.80001 OpenType layout system.
Lua module: lualibs 2017-02-01 2.5 ConTeXt Lua standard libraries.
Lua module: lualibs-extended 2017-02-01 2.5 ConTeXt Lua libraries -- extended collection.(using write cache: E:/texlive/2017/texmf-var/luatex-cache/generic)(using read cache: E:/texlive/2017/texmf-var/luatex-cache/generic C:/Users/yatiw/.texlive2017/texmf-var/luatex-cache/generic)
luaotfload | conf : Root cache directory is E:/texlive/2017/texmf-var/luatex-cache/generic/names.
luaotfload | init : Loading fontloader “fontloader-2017-02-11.lua” from kpse-resolved path “e:/texlive/2017/texmf-dist/tex/luatex/luaotfload/fontloader-2017-02-11.lua”.
Lua-only attribute luaotfload@state = 1
Lua-only attribute luaotfload@noligature = 2
Lua-only attribute luaotfload@syllabe = 3
luaotfload | init : Context OpenType loader version “3.027”
Inserting `luaotfload.node_processor' at position 1 in `pre_linebreak_filter'.
Inserting `luaotfload.node_processor' at position 1 in `hpack_filter'.
Inserting `luaotfload.define_font' at position 1 in `define_font'.
Lua-only attribute luaotfload_color_attribute = 4
luaotfload | conf : Root cache directory is E:/texlive/2017/texmf-var/luatex-cache/generic/names.
Inserting `luaotfload.aux.set_sscale_dimens' at position 1 in `luaotfload.patch_font'.
Inserting `luaotfload.aux.patch_cambria_domh' at position 2 in `luaotfload.patch_font'.
Inserting `luaotfload.aux.fixup_fontdata' at position 1 in `luaotfload.patch_font_unsafe'.
Inserting `luaotfload.aux.set_capheight' at position 3 in `luaotfload.patch_font'.
Inserting `luaotfload.rewrite_fontname' at position 4 in `luaotfload.patch_font'.
luaotfload | main : initialization completed in 0.834 seconds
Babel <3.15> and hyphenation patterns for 1 language(s) loaded.
(e:/texlive/2017/texmf-dist/tex/latex/subfiles/subfiles.cls
Document Class: subfiles 2012/05/23 Federico Garcia
(e:/texlive/2017/texmf-dist/tex/latex/tools/verbatim.sty
Package: verbatim 2014/10/28 v1.5q LaTeX2e package for verbatim enhancements
\every@verbatim=\toks14
\verbatim@line=\toks15
\verbatim@in@stream=\read1
)
Preamble taken from file `../NenokuniMain'
(../NenokuniMain.tex (e:/texlive/2017/texmf-dist/tex/luatex/luatexja/ltjtbook.cls
Document Class: ltjtbook 2017/09/19 v1.7g-ltj-15 Standard LuaLaTeX-ja class
(e:/texlive/2017/texmf-dist/tex/luatex/luatexja/luatexja.sty
Package: luatexja 2017/11/12 Japanese Typesetting with Lua(La)TeX
 (e:/texlive/2017/texmf-dist/tex/luatex/luatexja/luatexja-core.sty
Package: luatexja-core 2017/11/12 Core of LuaTeX-ja
 (e:/texlive/2017/texmf-dist/tex/luatex/luatexbase/luatexbase.sty
Package: luatexbase 2015/10/04 v1.3 luatexbase interface to LuaTeX 
 (e:/texlive/2017/texmf-dist/tex/luatex/ctablestack/ctablestack.sty
Package: ctablestack 2015/10/01 v1.0 Catcode table stable support
\@catcodetablestackcnt=\count79
)
\CatcodeTableOther=\catcodetable5
\CatcodeTableExpl=\catcodetable6
) (e:/texlive/2017/texmf-dist/tex/generic/oberdiek/ltxcmds.sty
Package: ltxcmds 2016/05/16 v1.23 LaTeX kernel commands for general use (HO)
) (e:/texlive/2017/texmf-dist/tex/generic/oberdiek/pdftexcmds.sty
Package: pdftexcmds 2017/03/19 v0.25 Utility functions of pdfTeX for LuaTeX (HO)
 (e:/texlive/2017/texmf-dist/tex/generic/oberdiek/infwarerr.sty
Package: infwarerr 2016/05/16 v1.4 Providing info/warning/error messages (HO)
) (e:/texlive/2017/texmf-dist/tex/generic/oberdiek/ifluatex.sty
Package: ifluatex 2016/05/16 v1.4 Provides the ifluatex switch (HO)
Package ifluatex Info: LuaTeX detected.
) (e:/texlive/2017/texmf-dist/tex/generic/oberdiek/ifpdf.sty
Package: ifpdf 2017/03/15 v3.2 Provides the ifpdf switch
)
Package pdftexcmds Info: \pdf@primitive is available.
Package pdftexcmds Info: \pdf@ifprimitive is available.
Package pdftexcmds Info: \pdfdraftmode found.
\pdftexcmds@toks=\toks16
) (e:/texlive/2017/texmf-dist/tex/latex/xkeyval/xkeyval.sty
Package: xkeyval 2014/12/03 v2.7a package option processing (HA)
 (e:/texlive/2017/texmf-dist/tex/generic/xkeyval/xkeyval.tex (e:/texlive/2017/texmf-dist/tex/generic/xkeyval/xkvutils.tex
\XKV@toks=\toks17
\XKV@tempa@toks=\toks18
 (e:/texlive/2017/texmf-dist/tex/generic/xkeyval/keyval.tex))
\XKV@depth=\count80
File: xkeyval.tex 2014/12/03 v2.7a key=value parser (HA)
)) (e:/texlive/2017/texmf-dist/tex/generic/oberdiek/atbegshi.sty
Package: atbegshi 2016/06/09 v1.18 At begin shipout hook (HO)
) (e:/texlive/2017/texmf-dist/tex/latex/etoolbox/etoolbox.sty
Package: etoolbox 2017/11/22 v2.5 e-TeX tools for LaTeX (JAW)
\etb@tempcnta=\count81
)
\AtBeginShipoutBox=\box26
 (e:/texlive/2017/texmf-dist/tex/latex/everyhook/everyhook.sty (e:/texlive/2017/texmf-dist/tex/latex/svn-prov/svn-prov.sty
Package: svn-prov 2010/04/24 v3.1862 Package Date/Version from SVN Keywords
)
Package: everyhook 2014/11/26 v1.2 (SVN Rev: 12)\ Hooks for low level TeX everyX primitives.
\everypar=\toks19
\frozen@everymath=\toks20
\frozen@everydisplay=\toks21
\everyhbox=\toks22
\everyvbox=\toks23
\everycr=\toks24
)
\ltjlineendcomment=\count82
\ltj@zw=\dimen102
\ltj@zh=\dimen103
\jQ=\dimen104
\ltj@icflag=\attribute5
\ltj@curjfnt=\attribute6
\ltj@curtfnt=\attribute7
\ltj@origchar=\attribute8
\ltj@charclass=\attribute9
\ltj@charcode=\attribute10
\ltj@autospc=\attribute11
\ltj@autoxspc=\attribute12
\ltj@yablshift=\attribute13
\ltj@ykblshift=\attribute14
\ltj@tablshift=\attribute15
\ltj@tkblshift=\attribute16
\jfam=\attribute17
\ltj@dir=\attribute18
\ltj@@japanese=\language2
\ltj@tempcnta=\count83
\ltj@kcat0=\attribute19
\ltj@kcat1=\attribute20
\ltj@kcat2=\attribute21
\ltj@kcat3=\attribute22
\ltj@kcat4=\attribute23
\ltj@kcat5=\attribute24
\ltj@kcat6=\attribute25
Custom whatsit inhibitglue = 1
Custom whatsit stack_marker = 2
Custom whatsit begin_par = 3
Custom whatsit direction = 4
Custom whatsit box_boundary = 5(load cache: C:/Users/yatiw/.texlive2017/texmf-var/luatexja/ltj-cid-auto-adobe-japan1.lub)
Lua module: luatexja.charrange 2017/05/05 Handling the range of Japanese characters
Lua module: luatexja.stack 2017/05/05 LuaTeX-ja stack system
Inserting `ltj.create_dir_whatsit' at position 2 in `hpack_filter'.
Inserting `ltj.create_dir_whatsit' at position 1 in `post_linebreak_filter'.
Inserting `ltj.direction' at position 1 in `vpack_filter'.
Inserting `ltj.direction' at position 1 in `pre_output_filter'.
Inserting `ltj.direction' at position 1 in `append_to_vlist_filter'.
Lua module: luatexja.jfont 2017/09/04 Loader for Japanese fonts
Removing  `luaotfload.define_font' from `define_font'.
Inserting `luatexja.font_callback' at position 1 in `define_font'.
Removing  `luaotfload.aux.set_sscale_dimens' from `luaotfload.patch_font'.
Removing  `luaotfload.aux.patch_cambria_domh' from `luaotfload.patch_font'.
Removing  `luaotfload.aux.set_capheight' from `luaotfload.patch_font'.
Removing  `luaotfload.rewrite_fontname' from `luaotfload.patch_font'.
Inserting `ltj.prepare_extra_data' at position 1 in `luaotfload.patch_font'.
Inserting `luaotfload.aux.set_sscale_dimens' at position 2 in `luaotfload.patch_font'.
Inserting `luaotfload.aux.patch_cambria_domh' at position 3 in `luaotfload.patch_font'.
Inserting `luaotfload.aux.set_capheight' at position 4 in `luaotfload.patch_font'.
Inserting `luaotfload.rewrite_fontname' at position 5 in `luaotfload.patch_font'.
Inserting `ltj.prepare_extra_data' at position 1 in `luatexja.define_font'.
Inserting `ltj.v_advance' at position 1 in `luatexja.define_jfont'.
Removing  `ltj.v_advance' from `luatexja.define_jfont'.
Inserting `ltj.get_vert_form' at position 1 in `luatexja.define_jfont'.
Inserting `ltj.v_advance' at position 2 in `luatexja.define_jfont'.
Removing  `ltj.prepare_extra_data' from `luaotfload.patch_font'.
Removing  `luaotfload.aux.set_sscale_dimens' from `luaotfload.patch_font'.
Removing  `luaotfload.aux.patch_cambria_domh' from `luaotfload.patch_font'.
Removing  `luaotfload.aux.set_capheight' from `luaotfload.patch_font'.
Removing  `luaotfload.rewrite_fontname' from `luaotfload.patch_font'.
Inserting `ltj.supply_tounicode' at position 1 in `luaotfload.patch_font'.
Inserting `ltj.prepare_extra_data' at position 2 in `luaotfload.patch_font'.
Inserting `luaotfload.aux.set_sscale_dimens' at position 3 in `luaotfload.patch_font'.
Inserting `luaotfload.aux.patch_cambria_domh' at position 4 in `luaotfload.patch_font'.
Inserting `luaotfload.aux.set_capheight' at position 5 in `luaotfload.patch_font'.
Inserting `luaotfload.rewrite_fontname' at position 6 in `luaotfload.patch_font'.
Inserting `ltj.process_input_buffer' at position 1 in `process_input_buffer'.
Inserting `ltj.hyphenate' at position 1 in `hyphenate'.
Removing  `luaotfload.node_processor' from `hpack_filter'.
Removing  `ltj.create_dir_whatsit' from `hpack_filter'.
Inserting `ltj.set_stack_level' at position 1 in `hpack_filter'.
Inserting `luaotfload.node_processor' at position 2 in `hpack_filter'.
Inserting `ltj.create_dir_whatsit' at position 3 in `hpack_filter'.
Removing  `luaotfload.node_processor' from `pre_linebreak_filter'.
Inserting `ltj.set_stack_level' at position 1 in `pre_linebreak_filter'.
Inserting `luaotfload.node_processor' at position 2 in `pre_linebreak_filter'.
Lua module: luatexja.jfmglue 2017/05/05 Insertion process of JFM glues and kanjiskip
Inserting `luatexja.beginpar.np_info' at position 1 in `luatexja.jfmglue.whatsit_getinfo'.
Inserting `luatexja.beginpar.np_info_after' at position 1 in `luatexja.jfmglue.whatsit_after'.
Inserting `ltj.mlist_to_hlist' at position 1 in `mlist_to_hlist'.
Lua module: luatexja.tangle 2011/05/14 
Inserting `ltj.main' at position 3 in `pre_linebreak_filter'.
Removing  `ltj.create_dir_whatsit' from `hpack_filter'.
Inserting `ltj.main' at position 3 in `hpack_filter'.
Inserting `ltj.create_dir_whatsit' at position 4 in `hpack_filter'.
Removing  `ltj.set_stack_level' from `pre_linebreak_filter'.
Removing  `luaotfload.node_processor' from `pre_linebreak_filter'.
Removing  `ltj.main' from `pre_linebreak_filter'.
Inserting `ltj.adjust_icflag' at position 1 in `pre_linebreak_filter'.
Inserting `ltj.set_stack_level' at position 2 in `pre_linebreak_filter'.
Inserting `luaotfload.node_processor' at position 3 in `pre_linebreak_filter'.
Inserting `ltj.main' at position 4 in `pre_linebreak_filter'.
Removing  `ltj.set_stack_level' from `hpack_filter'.
Removing  `luaotfload.node_processor' from `hpack_filter'.
Removing  `ltj.main' from `hpack_filter'.
Removing  `ltj.create_dir_whatsit' from `hpack_filter'.
Inserting `ltj.adjust_icflag' at position 1 in `hpack_filter'.
Inserting `ltj.set_stack_level' at position 2 in `hpack_filter'.
Inserting `luaotfload.node_processor' at position 3 in `hpack_filter'.
Inserting `ltj.main' at position 4 in `hpack_filter'.
Inserting `ltj.create_dir_whatsit' at position 5 in `hpack_filter'. (e:/texlive/2017/texmf-dist/tex/luatex/luatexja/ltj-base.sty
Package: ltj-base 2017/05/05
\ltj@tempcntb=\count84
\ltj@tempcntc=\count85
\ltj@tempdima=\dimen105
\ltj@afbox=\box27
)
\ltj@@italic@inner=\luafunction1
\ltj@@jfont@inner=\luafunction2
\ltj@zw@inner=\luafunction3
\ltj@zh@inner=\luafunction4
\ltj@reset@globaldefs@inner=\luafunction5
\ltj@restore@globaldefs@inner=\luafunction6
\ltj@@ihb@inner=\luafunction7
\ltj@@fakeparbegin@inner=\luafunction8
\ltj@@fakeboxbdd@inner=\luafunction9
\ltj@@stack=\count86
\ltj@@group@level=\count87
\ltjsetkanjiskip@inner=\luafunction10
\ltjsetxkanjiskip@inner=\luafunction11
\ltj@@box@dirhook=\luafunction12
\ltj@@reset@badness@inner=\luafunction13
 (e:/texlive/2017/texmf-dist/tex/luatex/luatexja/ltj-latex.sty
Package: ltj-latex 2017/06/18 LaTeX support of LuaTeX-ja
 (e:/texlive/2017/texmf-dist/tex/luatex/luatexja/patches/lltjfont.sty
Package: lltjfont 2017/05/05 Patch to NFSS2 for LuaTeX-ja
 (e:/texlive/2017/texmf-dist/tex/latex/base/tuenc.def
File: tuenc.def 2017/04/05 v2.0i Standard LaTeX file
LaTeX Font Info:    Redeclaring font encoding TU on input line 82.
)
\Cht=\dimen106
\cht=\dimen107
\Cdp=\dimen108
\cdp=\dimen109
\Cwd=\dimen110
\cwd=\dimen111
\Cvs=\dimen112
\cvs=\dimen113
\Chs=\dimen114
\chs=\dimen115
\cHT=\dimen116
\dstrutbox=\box28
\tstrutbox=\box29
\zstrutbox=\box30
 (e:/texlive/2017/texmf-dist/tex/latex/ms/everysel.sty
Package: everysel 2011/10/28 v1.2 EverySelectfont Package (MS)
) ABD: EverySelectfont initializing macros
LaTeX Info: Redefining \selectfont on input line 316.
\ltj@@adjust@baseline@inner=\luafunction14
LaTeX Info: Redefining \fontencoding on input line 466.
LaTeX Info: Redefining \fontfamily on input line 511.
LaTeX Info: Redefining \fontseries on input line 545.
LaTeX Info: Redefining \fontshape on input line 548.
LaTeX Info: Redefining \normalfont on input line 560.
) (e:/texlive/2017/texmf-dist/tex/luatex/luatexja/patches/lltjdefs.sty
Package: lltjdefs 2017/11/12 Default font settings of LuaTeX-ja
luaotfload | db : Font names database loaded from E:/texlive/2017/texmf-var/luatex-cache/generic/names/luaotfload-names.lua.gz(load luc: E:/texlive/2017/texmf-var/luatex-cache/generic/fonts/otl/lmroman10-regular.lub)
LaTeX Font Info:    Font shape `JT3/mc/m/n' will be
(Font)              scaled to size 9.6222pt on input line 53.
luaotfload | cache : Lookup cache loaded from E:/texlive/2017/texmf-var/luatex-cache/generic/names/luaotfload-lookup-cache.luc.(load luc: E:/texlive/2017/texmf-var/luatex-cache/generic/fonts/otl/ipaexm.lub)(load cache: C:/Users/yatiw/.texlive2017/texmf-var/luatexja/extra_ipaexmincho.lub)
(e:/texlive/2017/texmf-dist/tex/luatex/luatexja/jfm-ujisv.lua)
luaotfload | aux : font no 16 (nil) does not define feature vrt2 for script dflt with language dflt
luaotfload | aux : no font with id 16
LaTeX Font Info:    Font shape `JY3/mc/m/n' will be
(Font)              scaled to size 9.6222pt on input line 53.

(e:/texlive/2017/texmf-dist/tex/luatex/luatexja/jfm-ujis.lua)
\symmincho=\mathgroup4
LaTeX Font Info:    Overwriting symbol font `mincho' in version `bold'
(Font)                  JY3/mc/m/n --> JY3/gt/m/n on input line 62.
LaTeX Info: Redefining \rmfamily on input line 69.
LaTeX Info: Redefining \sffamily on input line 73.
LaTeX Info: Redefining \ttfamily on input line 77.
LaTeX Info: Redefining \em on input line 82.
) (e:/texlive/2017/texmf-dist/tex/luatex/luatexja/patches/lltjcore.sty
Package: lltjcore 2017/11/12 Patch to LaTeX2e Kernel for LuaTeX-ja
\@tombowwidth=\dimen117
\@TL=\box31
\@Tl=\box32
\@TC=\box33
\@TR=\box34
\@Tr=\box35
\@BL=\box36
\@Bl=\box37
\@BC=\box38
\@BR=\box39
\@Br=\box40
\@CL=\box41
\@CR=\box42
\@bannertoken=\toks25
\@@paperheight=\dimen118
\@@paperwidth=\dimen119
\@@topmargin=\dimen120
\hour=\count88
\minute=\count89
) (e:/texlive/2017/texmf-dist/tex/luatex/luatexja/patches/lltjp-geometry.sty
Package: lltjp-geometry 2017/05/05 Patch to geometry for LuaTeX-ja with vertical writing mode
 (e:/texlive/2017/texmf-dist/tex/latex/filehook/filehook.sty
Package: filehook 2011/10/12 v0.5d Hooks for input files
)))
\ltj@temp@cctb=\catcodetable7
) (e:/texlive/2017/texmf-dist/tex/luatex/luatexja/luatexja-compat.sty
Package: luatexja-compat 2017/05/05 Compatibility with pTeX
(load cache: C:/Users/yatiw/.texlive2017/texmf-var/luatexja/ltj-jisx0208.lub)
\hour=\count90
\minute=\count91
))
\c@@paper=\count92
Inserting `ltj.jclasses_load_jfm' at position 1 in `luatexja.load_jfm'.
(e:/texlive/2017/texmf-dist/tex/luatex/luatexja/jfm-min.lua)
Removing  `ltj.jclasses_load_jfm' from `luatexja.load_jfm'. (e:/texlive/2017/texmf-dist/tex/luatex/luatexja/ltjtbk10.clo
File: ltjtbk10.clo 2017/09/19 v1.7g-ltj-15 Standard LuaLaTeX-ja file (size option)
LaTeX Font Info:    Font shape `JY3/mc/m/n' will be
(Font)              scaled to size 9.6222pt on input line 37.
) (e:/texlive/2017/texmf-dist/tex/luatex/luatexja/lltjext.sty
Package: lltjext 2017/08/27 v1.2g-ltj-8 Macros for vertical writing
\ltj@ext@dir=\count93
\@floatbox=\box43
\floatwidth=\dimen121
\floatheight=\dimen122
\floatruletick=\dimen123
\captionfloatsep=\dimen124
\captionwidth=\dimen125
\@captionbox=\box44
LaTeX Info: Redefining \parbox on input line 346.
\@picwd=\dimen126
\rensujiskip=\skip41
)
\c@part=\count94
\c@chapter=\count95
\c@section=\count96
\c@subsection=\count97
\c@subsubsection=\count98
\c@paragraph=\count99
\c@subparagraph=\count100
\c@figure=\count101
\c@table=\count102
\abovecaptionskip=\skip42
\belowcaptionskip=\skip43
LaTeX Font Info:    Redeclaring symbol font `mincho' on input line 744.
LaTeX Font Info:    Overwriting symbol font `mincho' in version `normal'
(Font)                  JY3/mc/m/n --> JY3/mc/m/n on input line 744.
LaTeX Font Info:    Overwriting symbol font `mincho' in version `bold'
(Font)                  JY3/gt/m/n --> JY3/mc/m/n on input line 744.
LaTeX Font Info:    Overwriting symbol font `mincho' in version `bold'
(Font)                  JY3/mc/m/n --> JY3/gt/m/n on input line 746.
LaTeX Font Info:    Redeclaring math alphabet \mathgt on input line 748.
LaTeX Font Info:    Overwriting math alphabet `\mathgt' in version `normal'
(Font)                  JY3/gt/m/n --> JY3/gt/m/n on input line 748.
LaTeX Font Info:    Overwriting math alphabet `\mathgt' in version `bold'
(Font)                  JY3/gt/m/n --> JY3/gt/m/n on input line 748.
LaTeX Info: Redefining \mc on input line 756.
LaTeX Info: Redefining \gt on input line 757.
\toclineskip=\dimen127
\@lnumwidth=\dimen128
\bibindent=\dimen129
\heisei=\count103
 (e:/texlive/2017/texmf-dist/tex/latex/sttools/stfloats.sty
Package: stfloats 2017/03/27 v3.3 Improve float mechanism and baselineskip settings
\@dblbotnum=\count104
\c@dblbotnumber=\count105
)) (e:/texlive/2017/texmf-dist/tex/luatex/luatexja/addons/luatexja-fontspec.sty
Package: luatexja-fontspec 2017/06/25 fontspec support of LuaTeX-ja
 (e:/texlive/2017/texmf-dist/tex/latex/l3packages/l3keys2e/l3keys2e.sty (e:/texlive/2017/texmf-dist/tex/latex/l3kernel/expl3.sty
Package: expl3 2017/12/16 L3 programming layer (loader) 
 (e:/texlive/2017/texmf-dist/tex/latex/l3kernel/expl3-code.tex
Package: expl3 2017/12/16 L3 programming layer (code)
\ucharcat@table=\catcodetable8
\c_max_int=\count106
\l_tmpa_int=\count107
\l_tmpb_int=\count108
\g_tmpa_int=\count109
\g_tmpb_int=\count110
\g__intarray_font_int=\count111
\g__prg_map_int=\count112
\c_log_iow=\count113
\l_iow_line_count_int=\count114
\l__iow_line_target_int=\count115
\l__iow_one_indent_int=\count116
\l__iow_indent_int=\count117
\c_zero_dim=\dimen130
\c_max_dim=\dimen131
\l_tmpa_dim=\dimen132
\l_tmpb_dim=\dimen133
\g_tmpa_dim=\dimen134
\g_tmpb_dim=\dimen135
\c_zero_skip=\skip44
\c_max_skip=\skip45
\l_tmpa_skip=\skip46
\l_tmpb_skip=\skip47
\g_tmpa_skip=\skip48
\g_tmpb_skip=\skip49
\c_zero_muskip=\muskip10
\c_max_muskip=\muskip11
\l_tmpa_muskip=\muskip12
\l_tmpb_muskip=\muskip13
\g_tmpa_muskip=\muskip14
\g_tmpb_muskip=\muskip15
\l_keys_choice_int=\count118
\c__fp_leading_shift_int=\count119
\c__fp_middle_shift_int=\count120
\c__fp_trailing_shift_int=\count121
\c__fp_big_leading_shift_int=\count122
\c__fp_big_middle_shift_int=\count123
\c__fp_big_trailing_shift_int=\count124
\c__fp_Bigg_leading_shift_int=\count125
\c__fp_Bigg_middle_shift_int=\count126
\c__fp_Bigg_trailing_shift_int=\count127
\c__fp_rand_size_int=\count128
\c__fp_rand_four_int=\count129
\c__fp_rand_eight_int=\count130
\l__sort_length_int=\count131
\l__sort_min_int=\count132
\l__sort_top_int=\count133
\l__sort_max_int=\count134
\l__sort_true_max_int=\count135
\l__sort_block_int=\count136
\l__sort_begin_int=\count137
\l__sort_end_int=\count138
\l__sort_A_int=\count139
\l__sort_B_int=\count140
\l__sort_C_int=\count141
\l__tl_build_start_index_int=\count142
\l__tl_build_index_int=\count143
\l__tl_analysis_normal_int=\count144
\l__tl_analysis_index_int=\count145
\l__tl_analysis_nesting_int=\count146
\l__tl_analysis_type_int=\count147
\l__regex_internal_a_int=\count148
\l__regex_internal_b_int=\count149
\l__regex_internal_c_int=\count150
\l__regex_balance_int=\count151
\l__regex_group_level_int=\count152
\l__regex_mode_int=\count153
\c__regex_cs_in_class_mode_int=\count154
\c__regex_cs_mode_int=\count155
\l__regex_catcodes_int=\count156
\l__regex_default_catcodes_int=\count157
\c__regex_catcode_L_int=\count158
\c__regex_catcode_O_int=\count159
\c__regex_catcode_A_int=\count160
\c__regex_all_catcodes_int=\count161
\l__regex_show_lines_int=\count162
\l__regex_min_state_int=\count163
\l__regex_max_state_int=\count164
\l__regex_left_state_int=\count165
\l__regex_right_state_int=\count166
\l__regex_capturing_group_int=\count167
\l__regex_min_pos_int=\count168
\l__regex_max_pos_int=\count169
\l__regex_curr_pos_int=\count170
\l__regex_start_pos_int=\count171
\l__regex_success_pos_int=\count172
\l__regex_curr_char_int=\count173
\l__regex_curr_catcode_int=\count174
\l__regex_last_char_int=\count175
\l__regex_case_changed_char_int=\count176
\l__regex_curr_state_int=\count177
\l__regex_step_int=\count178
\l__regex_min_active_int=\count179
\l__regex_max_active_int=\count180
\l__regex_replacement_csnames_int=\count181
\l__regex_match_count_int=\count182
\l__regex_min_submatch_int=\count183
\l__regex_submatch_int=\count184
\l__regex_zeroth_submatch_int=\count185
\g__debug_trace_regex_int=\count186
\c_empty_box=\box45
\l_tmpa_box=\box46
\l_tmpb_box=\box47
\g_tmpa_box=\box48
\g_tmpb_box=\box49
\l__box_top_dim=\dimen136
\l__box_bottom_dim=\dimen137
\l__box_left_dim=\dimen138
\l__box_right_dim=\dimen139
\l__box_top_new_dim=\dimen140
\l__box_bottom_new_dim=\dimen141
\l__box_left_new_dim=\dimen142
\l__box_right_new_dim=\dimen143
\l__box_internal_box=\box50
\l__coffin_internal_box=\box51
\l__coffin_internal_dim=\dimen144
\l__coffin_offset_x_dim=\dimen145
\l__coffin_offset_y_dim=\dimen146
\l__coffin_x_dim=\dimen147
\l__coffin_y_dim=\dimen148
\l__coffin_x_prime_dim=\dimen149
\l__coffin_y_prime_dim=\dimen150
\c_empty_coffin=\box52
\l__coffin_aligned_coffin=\box53
\l__coffin_aligned_internal_coffin=\box54
\l_tmpa_coffin=\box55
\l_tmpb_coffin=\box56
\l__coffin_display_coffin=\box57
\l__coffin_display_coord_coffin=\box58
\l__coffin_display_pole_coffin=\box59
\l__coffin_display_offset_dim=\dimen151
\l__coffin_display_x_dim=\dimen152
\l__coffin_display_y_dim=\dimen153
\l__coffin_bounding_shift_dim=\dimen154
\l__coffin_left_corner_dim=\dimen155
\l__coffin_right_corner_dim=\dimen156
\l__coffin_bottom_corner_dim=\dimen157
\l__coffin_top_corner_dim=\dimen158
\l__coffin_scaled_total_height_dim=\dimen159
\l__coffin_scaled_width_dim=\dimen160
) (e:/texlive/2017/texmf-dist/tex/latex/l3kernel/l3pdfmode.def
File: l3pdfmode.def 2017/03/18 v L3 Experimental driver: PDF mode
\l__driver_color_stack_int=\count187
\l__driver_tmp_box=\box60
))
Package: l3keys2e 2017/12/16 LaTeX2e option processing using LaTeX3 keys
)(load luc: E:/texlive/2017/texmf-var/luatex-cache/generic/fonts/otl/lmroman17-regular.lub)
LaTeX Font Info:    Font shape `JT3/mc/m/n' will be
(Font)              scaled to size 15.39551pt on input line 14.
luaotfload | aux : font no 30 (nil) does not define feature vrt2 for script dflt with language dflt
luaotfload | aux : no font with id 30
LaTeX Font Info:    Font shape `JY3/mc/m/n' will be
(Font)              scaled to size 15.39551pt on input line 14.
 (e:/texlive/2017/texmf-dist/tex/latex/fontspec/fontspec.sty (e:/texlive/2017/texmf-dist/tex/latex/l3packages/xparse/xparse.sty
Package: xparse 2017/12/16 L3 Experimental document command parser
\l__xparse_current_arg_int=\count188
\g__xparse_grabber_int=\count189
\l__xparse_m_args_int=\count190
\l__xparse_mandatory_args_int=\count191
\l__xparse_v_nesting_int=\count192
)
Package: fontspec 2017/11/09 v2.6g Font selection for XeLaTeX and LuaLaTeX
Lua module: fontspec 2017/11/09 2.6g Font selection for XeLaTeX and LuaLaTeX (e:/texlive/2017/texmf-dist/tex/latex/fontspec/fontspec-luatex.sty
Package: fontspec-luatex 2017/11/09 v2.6g Font selection for XeLaTeX and LuaLaTeX
\l__fontspec_script_int=\count193
\l__fontspec_language_int=\count194
\l__fontspec_strnum_int=\count195
\l__fontspec_tmp_int=\count196
\l__fontspec_em_int=\count197
\l__fontspec_emdef_int=\count198
\l__fontspec_strong_int=\count199
\l__fontspec_strongdef_int=\count266
\l__fontspec_tmpa_dim=\dimen161
\l__fontspec_tmpb_dim=\dimen162
\l__fontspec_tmpc_dim=\dimen163
\g__file_internal_ior=\read2
 (e:/texlive/2017/texmf-dist/tex/latex/base/fontenc.sty
Package: fontenc 2017/04/05 v2.0i Standard LaTeX package
 (e:/texlive/2017/texmf-dist/tex/latex/base/tuenc.def
File: tuenc.def 2017/04/05 v2.0i Standard LaTeX file
LaTeX Font Info:    Redeclaring font encoding TU on input line 82.
))
.................................................
. LaTeX info: "xparse/define-command"
. 
. Defining command \fontspec with sig. 'O{}mO{}' on line 545.
.................................................
.................................................
. LaTeX info: "xparse/define-command"
. 
. Defining command \setmainfont with sig. 'O{}mO{}' on line 549.
.................................................
.................................................
. LaTeX info: "xparse/define-command"
. 
. Defining command \setsansfont with sig. 'O{}mO{}' on line 553.
.................................................
.................................................
. LaTeX info: "xparse/define-command"
. 
. Defining command \setmonofont with sig. 'O{}mO{}' on line 557.
.................................................
.................................................
. LaTeX info: "xparse/define-command"
. 
. Defining command \setmathrm with sig. 'O{}mO{}' on line 561.
.................................................
.................................................
. LaTeX info: "xparse/define-command"
. 
. Defining command \setboldmathrm with sig. 'O{}mO{}' on line 565.
.................................................
.................................................
. LaTeX info: "xparse/define-command"
. 
. Defining command \setmathsf with sig. 'O{}mO{}' on line 569.
.................................................
.................................................
. LaTeX info: "xparse/define-command"
. 
. Defining command \setmathtt with sig. 'O{}mO{}' on line 573.
.................................................
.................................................
. LaTeX info: "xparse/define-command"
. 
. Defining command \setromanfont with sig. 'O{}mO{}' on line 577.
.................................................
.................................................
. LaTeX info: "xparse/define-command"
. 
. Defining command \newfontfamily with sig. 'mO{}mO{}' on line 581.
.................................................
.................................................
. LaTeX info: "xparse/define-command"
. 
. Defining command \newfontface with sig. 'mO{}mO{}' on line 585.
.................................................
.................................................
. LaTeX info: "xparse/define-command"
. 
. Defining command \defaultfontfeatures with sig. 't+om' on line 589.
.................................................
.................................................
. LaTeX info: "xparse/define-command"
. 
. Defining command \addfontfeatures with sig. 'm' on line 593.
.................................................
.................................................
. LaTeX info: "xparse/define-command"
. 
. Defining command \addfontfeature with sig. 'm' on line 597.
.................................................
.................................................
. LaTeX info: "xparse/define-command"
. 
. Defining command \newfontfeature with sig. 'mm' on line 601.
.................................................
.................................................
. LaTeX info: "xparse/define-command"
. 
. Defining command \newAATfeature with sig. 'mmmm' on line 605.
.................................................
.................................................
. LaTeX info: "xparse/define-command"
. 
. Defining command \newopentypefeature with sig. 'mmm' on line 609.
.................................................
.................................................
. LaTeX info: "xparse/define-command"
. 
. Defining command \newICUfeature with sig. 'mmm' on line 613.
.................................................
.................................................
. LaTeX info: "xparse/define-command"
. 
. Defining command \aliasfontfeature with sig. 'mm' on line 617.
.................................................
.................................................
. LaTeX info: "xparse/define-command"
. 
. Defining command \aliasfontfeatureoption with sig. 'mmm' on line 621.
.................................................
.................................................
. LaTeX info: "xparse/define-command"
. 
. Defining command \newfontscript with sig. 'mm' on line 625.
.................................................
.................................................
. LaTeX info: "xparse/define-command"
. 
. Defining command \newfontlanguage with sig. 'mm' on line 629.
.................................................
.................................................
. LaTeX info: "xparse/define-command"
. 
. Defining command \DeclareFontsExtensions with sig. 'm' on line 633.
.................................................
.................................................
. LaTeX info: "xparse/define-command"
. 
. Defining command \IfFontFeatureActiveTF with sig. 'mmm' on line 637.
.................................................
.................................................
. LaTeX info: "xparse/define-command"
. 
. Defining command \EncodingCommand with sig. 'mO{}m' on line 3366.
.................................................
.................................................
. LaTeX info: "xparse/define-command"
. 
. Defining command \EncodingAccent with sig. 'mm' on line 3372.
.................................................
.................................................
. LaTeX info: "xparse/define-command"
. 
. Defining command \EncodingSymbol with sig. 'mm' on line 3378.
.................................................
.................................................
. LaTeX info: "xparse/define-command"
. 
. Defining command \EncodingComposite with sig. 'mmm' on line 3384.
.................................................
.................................................
. LaTeX info: "xparse/define-command"
. 
. Defining command \EncodingCompositeCommand with sig. 'mmm' on line 3390.
.................................................
.................................................
. LaTeX info: "xparse/define-command"
. 
. Defining command \DeclareUnicodeEncoding with sig. 'mm' on line 3415.
.................................................
.................................................
. LaTeX info: "xparse/define-command"
. 
. Defining command \UndeclareSymbol with sig. 'm' on line 3421.
.................................................
.................................................
. LaTeX info: "xparse/define-command"
. 
. Defining command \UndeclareAccent with sig. 'm' on line 3427.
.................................................
.................................................
. LaTeX info: "xparse/define-command"
. 
. Defining command \UndeclareCommand with sig. 'm' on line 3433.
.................................................
.................................................
. LaTeX info: "xparse/define-command"
. 
. Defining command \UndeclareComposite with sig. 'mm' on line 3440.
.................................................
 (e:/texlive/2017/texmf-dist/tex/latex/fontspec/fontspec.cfg)
LaTeX Info: Redefining \itshape on input line 3625.
LaTeX Info: Redefining \slshape on input line 3630.
LaTeX Info: Redefining \scshape on input line 3635.
LaTeX Info: Redefining \upshape on input line 3640.
LaTeX Info: Redefining \em on input line 3670.
LaTeX Info: Redefining \emph on input line 3695.
(load luc: E:/texlive/2017/texmf-var/luatex-cache/generic/fonts/otl/lmroman10-bold.lub)
LaTeX Font Info:    Font shape `JT3/mc/bx/n' in size <10> not available
(Font)              Font shape `JT3/gt/m/n' tried instead on input line 3744.
LaTeX Font Info:    Font shape `JT3/gt/m/n' will be
(Font)              scaled to size 9.6222pt on input line 3744.
(load luc: E:/texlive/2017/texmf-var/luatex-cache/generic/fonts/otl/ipaexg.lub)(load cache: C:/Users/yatiw/.texlive2017/texmf-var/luatexja/extra_ipaexgothic.lub)
luaotfload | aux : font no 33 (nil) does not define feature vrt2 for script dflt with language dflt
luaotfload | aux : no font with id 33
LaTeX Font Info:    Font shape `JY3/mc/bx/n' in size <10> not available
(Font)              Font shape `JY3/gt/m/n' tried instead on input line 3744.
LaTeX Font Info:    Font shape `JY3/gt/m/n' will be
(Font)              scaled to size 9.6222pt on input line 3744.
(load luc: E:/texlive/2017/texmf-var/luatex-cache/generic/fonts/otl/lmroman10-italic.lub)

LaTeX Font Warning: Font shape `JT3/mc/m/it' undefined
(Font)              using `JT3/mc/m/n' instead on input line 3745.


LaTeX Font Warning: Font shape `JY3/mc/m/it' undefined
(Font)              using `JY3/mc/m/n' instead on input line 3745.

LaTeX Info: Redefining \- on input line 3749.
.................................................
. LaTeX info: "xparse/redefine-command"
. 
. Redefining command \oldstylenums with sig. 'm' on line 3844.
.................................................
.................................................
. LaTeX info: "xparse/define-command"
. 
. Defining command \liningnums with sig. 'm' on line 3848.
.................................................
)) (e:/texlive/2017/texmf-dist/tex/luatex/luatexja/patches/lltjp-fontspec-immediate.sty
.................................................
. LaTeX info: "xparse/redefine-command"
. 
. Redefining command \setmainfont with sig. 'O{}mO{}' on line 65.
.................................................
.................................................
. LaTeX info: "xparse/redefine-command"
. 
. Redefining command \setsansfont with sig. 'O{}mO{}' on line 65.
.................................................
.................................................
. LaTeX info: "xparse/redefine-command"
. 
. Redefining command \setmonofont with sig. 'O{}mO{}' on line 65.
.................................................
) (e:/texlive/2017/texmf-dist/tex/luatex/luatexja/addons/luatexja-fontspec-25c.sty
Package: luatexja-fontspec-25c 2017/05/05 fontspec support of LuaTeX-ja
\g_ltj_fontspec_altnumber_int=\count267
.................................................
. LaTeX info: "xparse/define-command"
. 
. Defining command \jfontspec with sig. 'O{}mO{}' on line 280.
.................................................
.................................................
. LaTeX info: "xparse/define-command"
. 
. Defining command \setmainjfont with sig. 'O{}mO{}' on line 287.
.................................................
.................................................
. LaTeX info: "xparse/define-command"
. 
. Defining command \setsansjfont with sig. 'O{}mO{}' on line 293.
.................................................
.................................................
. LaTeX info: "xparse/define-command"
. 
. Defining command \newjfontfamily with sig. 'mO{}mO{}' on line 299.
.................................................
.................................................
. LaTeX info: "xparse/define-command"
. 
. Defining command \newjfontface with sig. 'mO{}mO{}' on line 303.
.................................................
.................................................
. LaTeX info: "xparse/define-command"
. 
. Defining command \defaultjfontfeatures with sig. 't+om' on line 313.
.................................................
.................................................
. LaTeX info: "xparse/define-command"
. 
. Defining command \addjfontfeatures with sig. 'm' on line 344.
.................................................
)) (e:/texlive/2017/texmf-dist/tex/luatex/luatexja/addons/luatexja-ruby.sty
Package: luatexja-ruby 2017/05/05 v0.23
\ltj@rubyattr=\attribute26
Lua module: luatexja.ruby 2017/05/05 Ruby annotation
Custom whatsit ruby_pre = 6
Custom whatsit ruby_post = 7
Inserting `ltj.ruby.pre' at position 5 in `pre_linebreak_filter'.
Inserting `ltj.ruby.pre' at position 6 in `hpack_filter'.
Inserting `ltj.ruby.post_break' at position 2 in `post_linebreak_filter'.
Inserting `ltj.ruby.post_hbox' at position 7 in `hpack_filter'.
Removing  `luatexja.beginpar.np_info' from `luatexja.jfmglue.whatsit_getinfo'.
Inserting `luatexja.ruby.np_info' at position 1 in `luatexja.jfmglue.whatsit_getinfo'.
Inserting `luatexja.beginpar.np_info' at position 2 in `luatexja.jfmglue.whatsit_getinfo'.
Removing  `luatexja.beginpar.np_info_after' from `luatexja.jfmglue.whatsit_after'.
Inserting `luatexja.ruby.np_info_after' at position 1 in `luatexja.jfmglue.whatsit_after'.
Inserting `luatexja.beginpar.np_info_after' at position 2 in `luatexja.jfmglue.whatsit_after'.) (e:/texlive/2017/texmf-dist/tex/latex/graphics/lscape.sty
Package: lscape 2000/10/22 v3.01 Landscape Pages (DPC)
 (e:/texlive/2017/texmf-dist/tex/latex/graphics/graphics.sty
Package: graphics 2017/06/25 v1.2c Standard LaTeX Graphics (DPC,SPQR)
 (e:/texlive/2017/texmf-dist/tex/latex/graphics/trig.sty
Package: trig 2016/01/03 v1.10 sin cos tan (DPC)
) (e:/texlive/2017/texmf-dist/tex/latex/graphics-cfg/graphics.cfg
File: graphics.cfg 2016/06/04 v1.11 sample graphics configuration
)
Package graphics Info: Driver file: luatex.def on input line 99.
 (e:/texlive/2017/texmf-dist/tex/latex/graphics-def/luatex.def
File: luatex.def 2018/01/01 v1.0k Graphics/color driver for luatex
))) (e:/texlive/2017/texmf-dist/tex/latex/psnfss/pifont.sty
Package: pifont 2005/04/12 PSNFSS-v9.2a Pi font support (SPQR) 
LaTeX Font Info:    Try loading font information for U+pzd on input line 63.
 (e:/texlive/2017/texmf-dist/tex/latex/psnfss/upzd.fd
File: upzd.fd 2001/06/04 font definitions for U/pzd.
)
LaTeX Font Info:    Try loading font information for U+psy on input line 64.
 (e:/texlive/2017/texmf-dist/tex/latex/psnfss/upsy.fd
File: upsy.fd 2001/06/04 font definitions for U/psy.
)) (e:/texlive/2017/texmf-dist/tex/latex/subfiles/subfiles.sty
Package: subfiles 2012/05/23 Federico Garcia
) (e:/texlive/2017/texmf-dist/tex/latex/graphics/color.sty
Package: color 2016/07/10 v1.1e Standard LaTeX Color (DPC)
 (e:/texlive/2017/texmf-dist/tex/latex/graphics-cfg/color.cfg
File: color.cfg 2016/01/02 v1.6 sample color configuration
)
Package color Info: Driver file: luatex.def on input line 147.
) (e:/texlive/2017/texmf-dist/tex/luatex/luatexja/addons/luatexja-otf.sty
Package: luatexja-otf 2017/05/20
Custom whatsit char_by_cid = 8(load cache: C:/Users/yatiw/.texlive2017/texmf-var/luatexja/ltj-ivd_aj1.lub)(save cache: C:/Users/yatiw/.texlive2017/texmf-var/luatexja/ltj-ivd_aj1.lub)
Removing  `ltj.main' from `hpack_filter'.
Removing  `ltj.create_dir_whatsit' from `hpack_filter'.
Removing  `ltj.ruby.pre' from `hpack_filter'.
Removing  `ltj.ruby.post_hbox' from `hpack_filter'.
Inserting `ltj.otf' at position 4 in `hpack_filter'.
Inserting `ltj.main' at position 5 in `hpack_filter'.
Inserting `ltj.create_dir_whatsit' at position 6 in `hpack_filter'.
Inserting `ltj.ruby.pre' at position 7 in `hpack_filter'.
Inserting `ltj.ruby.post_hbox' at position 8 in `hpack_filter'.
Removing  `ltj.main' from `pre_linebreak_filter'.
Removing  `ltj.ruby.pre' from `pre_linebreak_filter'.
Inserting `ltj.otf' at position 4 in `pre_linebreak_filter'.
Inserting `ltj.main' at position 5 in `pre_linebreak_filter'.
Inserting `ltj.ruby.pre' at position 6 in `pre_linebreak_filter'.
Removing  `ltj.get_vert_form' from `luatexja.define_jfont'.
Removing  `ltj.v_advance' from `luatexja.define_jfont'.
Inserting `ltj.otf.define_jfont' at position 1 in `luatexja.define_jfont'.
Inserting `ltj.get_vert_form' at position 2 in `luatexja.define_jfont'.
Inserting `ltj.v_advance' at position 3 in `luatexja.define_jfont'.
Inserting `ltj.otf.find_char_class' at position 1 in `luatexja.find_char_class'.
\ltj@tempcnta=\count268
 (e:/texlive/2017/texmf-dist/tex/luatex/luatexja/addons/luatexja-ajmacros.sty
Package: luatexja-ajmacros 2017/05/05
\@tempcnta=\count269
\@tempcntb=\count270
\@tempcntc=\count271
\@tempcntd=\count272
\@tempcnte=\count273
\@tempcntf=\count274
\@temptokenb=\toks26
\@temptokenc=\toks27
)) (e:/texlive/2017/texmf-dist/tex/latex/comment/comment.sty
\CommentStream=\write3
 Excluding comment 'comment') (e:/texlive/2017/texmf-dist/tex/latex/tools/multicol.sty
Package: multicol 2017/04/11 v1.8q multicolumn formatting (FMi)
\c@tracingmulticols=\count275
\mult@box=\box61
\multicol@leftmargin=\dimen164
\c@unbalance=\count276
\c@collectmore=\count277
\doublecol@number=\count278
\multicoltolerance=\count279
\multicolpretolerance=\count280
\full@width=\dimen165
\page@free=\dimen166
\premulticols=\dimen167
\postmulticols=\dimen168
\multicolsep=\skip50
\multicolbaselineskip=\skip51
\partial@page=\box62
\last@line=\box63
\maxbalancingoverflow=\dimen169
\mult@rightbox=\box64
\mult@grightbox=\box65
\mult@gfirstbox=\box66
\mult@firstbox=\box67
\@tempa=\box68
\@tempa=\box69
\@tempa=\box70
\@tempa=\box71
\@tempa=\box72
\@tempa=\box73
\@tempa=\box74
\@tempa=\box75
\@tempa=\box76
\@tempa=\box77
\@tempa=\box78
\@tempa=\box79
\@tempa=\box80
\@tempa=\box81
\@tempa=\box82
\@tempa=\box83
\@tempa=\box84
\c@columnbadness=\count281
\c@finalcolumnbadness=\count282
\last@try=\dimen170
\multicolovershoot=\dimen171
\multicolundershoot=\dimen172
\mult@nat@firstbox=\box85
\colbreak@box=\box86
\mc@col@check@num=\count283
)
\g__fontspec_family_ipaexm.ttf_int=\count284
luaotfload | aux : font no 38 (nil) does not define feature pkna for script hani with language dflt
luaotfload | aux : no font with id 38
*************************************************
* fontspec warning: "icu-feature-not-exist-in-font"
* 
* OpenType feature 'PKana=On' (pkna) not available for font 'ipaexm' with
* script 'CJK' and language 'Default'.
*************************************************
luaotfload | aux : font no 38 (nil) does not define feature kern for script hani with language dflt
luaotfload | aux : no font with id 38
*************************************************
* fontspec warning: "icu-feature-not-exist-in-font"
* 
* OpenType feature 'Kerning=On' (kern) not available for font 'ipaexm' with
* script 'CJK' and language 'Default'.
*************************************************
luaotfload | aux : font no 38 (nil) does not define feature pkna for script hani with language dflt
luaotfload | aux : no font with id 38
*************************************************
* fontspec warning: "icu-feature-not-exist-in-font"
* 
* OpenType feature 'PKana=On' (pkna) not available for font 'ipaexm' with
* script 'CJK' and language 'Default'.
*************************************************
luaotfload | aux : font no 38 (nil) does not define feature kern for script hani with language dflt
luaotfload | aux : no font with id 38
*************************************************
* fontspec warning: "icu-feature-not-exist-in-font"
* 
* OpenType feature 'Kerning=On' (kern) not available for font 'ipaexm' with
* script 'CJK' and language 'Default'.
*************************************************
.................................................
. fontspec info: "defining-font"
. 
. Font family 'ipaexm.ttf(0)' created for font 'ipaexm.ttf' with options
. [YokoFeatures={JFM=ujis},TateFeatures={JFM=ujisv},Scale=0.96221923828125,Kerning=Off,Script=CJK,TateFeatures={JFM=propv,PKana=On,Kerning=On}].
.  
.  This font family consists of the following NFSS series/shapes:
.  
.................................................
LaTeX Font Info:    Redeclaring symbol font `mincho' on input line 19.
LaTeX Font Info:    Overwriting symbol font `mincho' in version `normal'
(Font)                  JY3/mc/m/n --> JY3/ipaexm.ttf(0)/m/n on input line 19.
LaTeX Font Info:    Overwriting symbol font `mincho' in version `bold'
(Font)                  JY3/gt/m/n --> JY3/ipaexm.ttf(0)/m/n on input line 19.
LaTeX Font Info:    Overwriting symbol font `mincho' in version `bold'
(Font)                  JY3/ipaexm.ttf(0)/m/n --> JY3/ipaexm.ttf(0)/bx/n on input line 19.
LaTeX Font Info:    Font shape `JT3/ipaexm.ttf(0)/m/n' will be
(Font)              scaled to size 9.6222pt on input line 19.
(e:/texlive/2017/texmf-dist/tex/luatex/luatexja/jfm-propv.lua)
luaotfload | aux : font no 39 (nil) does not define feature vrt2 for script hani with language dflt
luaotfload | aux : no font with id 39
LaTeX Font Info:    Font shape `JY3/ipaexm.ttf(0)/m/n' will be
(Font)              scaled to size 9.6222pt on input line 19.
luaotfload | db : Reload initiated (formats: otf,ttf,ttc); reason: "Font ipaexm not found.".
luaotfload | aux : font no 41 (nil) does not define feature pkna for script hani with language dflt
luaotfload | aux : no font with id 41
*************************************************
* fontspec warning: "icu-feature-not-exist-in-font"
* 
* OpenType feature 'PKana=On' (pkna) not available for font 'ipaexm' with
* script 'CJK' and language 'Default'.
*************************************************
luaotfload | aux : font no 41 (nil) does not define feature kern for script hani with language dflt
luaotfload | aux : no font with id 41
*************************************************
* fontspec warning: "icu-feature-not-exist-in-font"
* 
* OpenType feature 'Kerning=On' (kern) not available for font 'ipaexm' with
* script 'CJK' and language 'Default'.
*************************************************
\g__fontspec_family_ipaexm_int=\count285
luaotfload | aux : font no 41 (nil) does not define feature pkna for script hani with language dflt
luaotfload | aux : no font with id 41
*************************************************
* fontspec warning: "icu-feature-not-exist-in-font"
* 
* OpenType feature 'PKana=On' (pkna) not available for font 'ipaexm' with
* script 'CJK' and language 'Default'.
*************************************************
luaotfload | aux : font no 41 (nil) does not define feature kern for script hani with language dflt
luaotfload | aux : no font with id 41
*************************************************
* fontspec warning: "icu-feature-not-exist-in-font"
* 
* OpenType feature 'Kerning=On' (kern) not available for font 'ipaexm' with
* script 'CJK' and language 'Default'.
*************************************************
luaotfload | aux : font no 41 (nil) does not define feature pkna for script hani with language dflt
luaotfload | aux : no font with id 41
*************************************************
* fontspec warning: "icu-feature-not-exist-in-font"
* 
* OpenType feature 'PKana=On' (pkna) not available for font 'ipaexm' with
* script 'CJK' and language 'Default'.
*************************************************
luaotfload | aux : font no 41 (nil) does not define feature kern for script hani with language dflt
luaotfload | aux : no font with id 41
*************************************************
* fontspec warning: "icu-feature-not-exist-in-font"
* 
* OpenType feature 'Kerning=On' (kern) not available for font 'ipaexm' with
* script 'CJK' and language 'Default'.
*************************************************
luaotfload | aux : font no 41 (nil) does not define feature pkna for script hani with language dflt
luaotfload | aux : no font with id 41
*************************************************
* fontspec warning: "icu-feature-not-exist-in-font"
* 
* OpenType feature 'PKana=On' (pkna) not available for font 'ipaexm' with
* script 'CJK' and language 'Default'.
*************************************************
luaotfload | aux : font no 41 (nil) does not define feature kern for script hani with language dflt
luaotfload | aux : no font with id 41
*************************************************
* fontspec warning: "icu-feature-not-exist-in-font"
* 
* OpenType feature 'Kerning=On' (kern) not available for font 'ipaexm' with
* script 'CJK' and language 'Default'.
*************************************************
luaotfload | aux : font no 41 (nil) does not define feature pkna for script hani with language dflt
luaotfload | aux : no font with id 41
*************************************************
* fontspec warning: "icu-feature-not-exist-in-font"
* 
* OpenType feature 'PKana=On' (pkna) not available for font 'ipaexm' with
* script 'CJK' and language 'Default'.
*************************************************
luaotfload | aux : font no 41 (nil) does not define feature kern for script hani with language dflt
luaotfload | aux : no font with id 41
*************************************************
* fontspec warning: "icu-feature-not-exist-in-font"
* 
* OpenType feature 'Kerning=On' (kern) not available for font 'ipaexm' with
* script 'CJK' and language 'Default'.
*************************************************
luaotfload | aux : font no 41 (nil) does not define feature pkna for script hani with language dflt
luaotfload | aux : no font with id 41
*************************************************
* fontspec warning: "icu-feature-not-exist-in-font"
* 
* OpenType feature 'PKana=On' (pkna) not available for font 'ipaexm' with
* script 'CJK' and language 'Default'.
*************************************************
luaotfload | aux : font no 41 (nil) does not define feature kern for script hani with language dflt
luaotfload | aux : no font with id 41
*************************************************
* fontspec warning: "icu-feature-not-exist-in-font"
* 
* OpenType feature 'Kerning=On' (kern) not available for font 'ipaexm' with
* script 'CJK' and language 'Default'.
*************************************************
luaotfload | aux : font no 41 (nil) does not define feature pkna for script hani with language dflt
luaotfload | aux : no font with id 41
*************************************************
* fontspec warning: "icu-feature-not-exist-in-font"
* 
* OpenType feature 'PKana=On' (pkna) not available for font 'ipaexm' with
* script 'CJK' and language 'Default'.
*************************************************
luaotfload | aux : font no 41 (nil) does not define feature kern for script hani with language dflt
luaotfload | aux : no font with id 41
*************************************************
* fontspec warning: "icu-feature-not-exist-in-font"
* 
* OpenType feature 'Kerning=On' (kern) not available for font 'ipaexm' with
* script 'CJK' and language 'Default'.
*************************************************
luaotfload | aux : font no 41 (nil) does not define feature pkna for script hani with language dflt
luaotfload | aux : no font with id 41
*************************************************
* fontspec warning: "icu-feature-not-exist-in-font"
* 
* OpenType feature 'PKana=On' (pkna) not available for font 'ipaexm' with
* script 'CJK' and language 'Default'.
*************************************************
luaotfload | aux : font no 41 (nil) does not define feature kern for script hani with language dflt
luaotfload | aux : no font with id 41
*************************************************
* fontspec warning: "icu-feature-not-exist-in-font"
* 
* OpenType feature 'Kerning=On' (kern) not available for font 'ipaexm' with
* script 'CJK' and language 'Default'.
*************************************************
luaotfload | aux : font no 41 (nil) does not define feature pkna for script hani with language dflt
luaotfload | aux : no font with id 41
*************************************************
* fontspec warning: "icu-feature-not-exist-in-font"
* 
* OpenType feature 'PKana=On' (pkna) not available for font 'ipaexm' with
* script 'CJK' and language 'Default'.
*************************************************
luaotfload | aux : font no 41 (nil) does not define feature kern for script hani with language dflt
luaotfload | aux : no font with id 41
*************************************************
* fontspec warning: "icu-feature-not-exist-in-font"
* 
* OpenType feature 'Kerning=On' (kern) not available for font 'ipaexm' with
* script 'CJK' and language 'Default'.
*************************************************
.................................................
. fontspec info: "defining-font"
. 
. Font family 'ipaexm(0)' created for font 'ipaexm' with options
. [YokoFeatures={JFM=ujis},TateFeatures={JFM=ujisv},Scale=0.96221923828125,Kerning=Off,Script=CJK,JFM=prop,PKana=On,Kerning=On,BoldFont={ipaexm},ItalicFont={ipaexm},BoldItalicFont={ipaexm}].
.  
.  This font family consists of the following NFSS series/shapes:
.  
.................................................
LaTeX Font Info:    Redeclaring symbol font `mincho' on input line 26.
LaTeX Font Info:    Overwriting symbol font `mincho' in version `normal'
(Font)                  JY3/ipaexm.ttf(0)/m/n --> JY3/ipaexm(0)/m/n on input line 26.
LaTeX Font Info:    Overwriting symbol font `mincho' in version `bold'
(Font)                  JY3/ipaexm.ttf(0)/bx/n --> JY3/ipaexm(0)/m/n on input line 26.
LaTeX Font Info:    Overwriting symbol font `mincho' in version `bold'
(Font)                  JY3/ipaexm(0)/m/n --> JY3/ipaexm(0)/bx/n on input line 26.
LaTeX Font Info:    Font shape `JT3/ipaexm(0)/m/n' will be
(Font)              scaled to size 9.6222pt on input line 26.
luaotfload | aux : font no 42 (nil) does not define feature vrt2 for script hani with language dflt
luaotfload | aux : no font with id 42
LaTeX Font Info:    Font shape `JY3/ipaexm(0)/m/n' will be
(Font)              scaled to size 9.6222pt on input line 26.
(load luc: E:/texlive/2017/texmf-var/luatex-cache/generic/fonts/otl/myrica-1.lub)
luaotfload | aux : font no 44 (nil) defines no feature for script latn
luaotfload | aux : no font with id 44
.................................................
. fontspec info: "no-scripts"
. 
. Font "MyricaM" does not contain any OpenType `Script' information.
.................................................
\g__fontspec_family_MyricaM_int=\count286
.................................................
. fontspec info: "no-font-shape"
. 
. Could not resolve font "MyricaM/BI" (it probably doesn't exist).
.................................................
.................................................
. fontspec info: "no-font-shape"
. 
. Could not resolve font "MyricaM/B" (it probably doesn't exist).
.................................................
.................................................
. fontspec info: "no-font-shape"
. 
. Could not resolve font "MyricaM/I" (it probably doesn't exist).
.................................................
luaotfload | aux : font no 44 (nil) does not define feature smcp for script  with language 
luaotfload | aux : no font with id 44
.................................................
. fontspec info: "defining-font"
. 
. Font family 'MyricaM(0)' created for font 'MyricaM' with options
. [WordSpace={1,0,0},HyphenChar=None,PunctuationSpace=WordSpace].
.  
.  This font family consists of the following NFSS series/shapes:
.  
. - 'normal' (m/n) with NFSS spec.: <->"MyricaM:mode=node;"
. - 'small caps'  (m/sc) with NFSS spec.: 
. and font adjustment code:
. \fontdimen 2\font =1\fontdimen 2\font \fontdimen 3\font =0\fontdimen 3\font
. \fontdimen 4\font =0\fontdimen 4\font \fontdimen 7\font =0\fontdimen 2\font
. \tex_hyphenchar:D \font =-1\scan_stop: 
.................................................
LaTeX Info: Redefining \ttfamily on input line 27.
))

LaTeX Warning: Unused global option(s):
    [autodetect-engine,dvipdfmx-if-dvi].

(./NenokuniSection1.aux)
\openout1 = NenokuniSection1.aux

LaTeX Font Info:    Checking defaults for OML/cmm/m/it on input line 5.
LaTeX Font Info:    ... okay on input line 5.
LaTeX Font Info:    Checking defaults for T1/cmr/m/n on input line 5.
LaTeX Font Info:    ... okay on input line 5.
LaTeX Font Info:    Checking defaults for OT1/cmr/m/n on input line 5.
LaTeX Font Info:    ... okay on input line 5.
LaTeX Font Info:    Checking defaults for OMS/cmsy/m/n on input line 5.
LaTeX Font Info:    ... okay on input line 5.
LaTeX Font Info:    Checking defaults for TU/lmr/m/n on input line 5.
LaTeX Font Info:    ... okay on input line 5.
LaTeX Font Info:    Checking defaults for OMX/cmex/m/n on input line 5.
LaTeX Font Info:    ... okay on input line 5.
LaTeX Font Info:    Checking defaults for U/cmr/m/n on input line 5.
LaTeX Font Info:    ... okay on input line 5.
LaTeX Font Info:    Checking defaults for JY3/mc/m/n on input line 5.
LaTeX Font Info:    ... okay on input line 5.
LaTeX Font Info:    Checking defaults for JT3/mc/m/n on input line 5.
LaTeX Font Info:    ... okay on input line 5.
 (e:/texlive/2017/texmf-dist/tex/luatex/luatexja/patches/lltjp-stfloats.sty
Package: lltjp-stfloats 2017/05/05 Patch to stfloats for LuaTeX-ja
) (e:/texlive/2017/texmf-dist/tex/luatex/luatexja/patches/lltjp-fontspec.sty
Package: lltjp-fontspec 2017/08/07 Patch to fontspec for LuaTeX-ja
) ABD: EverySelectfont initializing macros
LaTeX Info: Redefining \selectfont on input line 5.
 《縦組モード》
.................................................
. fontspec info: "setup-math"
. 
. Adjusting the maths setup (use [no-math] to avoid this).
.................................................
\symlegacymaths=\mathgroup5
LaTeX Font Info:    Overwriting symbol font `legacymaths' in version `bold'
(Font)                  OT1/cmr/m/n --> OT1/cmr/bx/n on input line 5.
LaTeX Font Info:    Redeclaring math accent \acute on input line 5.
LaTeX Font Info:    Redeclaring math accent \grave on input line 5.
LaTeX Font Info:    Redeclaring math accent \ddot on input line 5.
LaTeX Font Info:    Redeclaring math accent \tilde on input line 5.
LaTeX Font Info:    Redeclaring math accent \bar on input line 5.
LaTeX Font Info:    Redeclaring math accent \breve on input line 5.
LaTeX Font Info:    Redeclaring math accent \check on input line 5.
LaTeX Font Info:    Redeclaring math accent \hat on input line 5.
LaTeX Font Info:    Redeclaring math accent \dot on input line 5.
LaTeX Font Info:    Redeclaring math accent \mathring on input line 5.
LaTeX Font Info:    Redeclaring math symbol \colon on input line 5.
LaTeX Font Info:    Redeclaring math symbol \Gamma on input line 5.
LaTeX Font Info:    Redeclaring math symbol \Delta on input line 5.
LaTeX Font Info:    Redeclaring math symbol \Theta on input line 5.
LaTeX Font Info:    Redeclaring math symbol \Lambda on input line 5.
LaTeX Font Info:    Redeclaring math symbol \Xi on input line 5.
LaTeX Font Info:    Redeclaring math symbol \Pi on input line 5.
LaTeX Font Info:    Redeclaring math symbol \Sigma on input line 5.
LaTeX Font Info:    Redeclaring math symbol \Upsilon on input line 5.
LaTeX Font Info:    Redeclaring math symbol \Phi on input line 5.
LaTeX Font Info:    Redeclaring math symbol \Psi on input line 5.
LaTeX Font Info:    Redeclaring math symbol \Omega on input line 5.
LaTeX Font Info:    Redeclaring math symbol \mathdollar on input line 5.
LaTeX Font Info:    Redeclaring symbol font `operators' on input line 5.
LaTeX Font Info:    Encoding `OT1' has changed to `TU' for symbol font
(Font)              `operators' in the math version `normal' on input line 5.
LaTeX Font Info:    Overwriting symbol font `operators' in version `normal'
(Font)                  OT1/cmr/m/n --> TU/lmr/m/n on input line 5.
LaTeX Font Info:    Encoding `OT1' has changed to `TU' for symbol font
(Font)              `operators' in the math version `bold' on input line 5.
LaTeX Font Info:    Overwriting symbol font `operators' in version `bold'
(Font)                  OT1/cmr/bx/n --> TU/lmr/m/n on input line 5.
LaTeX Font Info:    Overwriting symbol font `operators' in version `normal'
(Font)                  TU/lmr/m/n --> TU/lmr/m/n on input line 5.
LaTeX Font Info:    Overwriting math alphabet `\mathit' in version `normal'
(Font)                  OT1/cmr/m/it --> TU/lmr/m/it on input line 5.
LaTeX Font Info:    Overwriting math alphabet `\mathbf' in version `normal'
(Font)                  OT1/cmr/bx/n --> TU/lmr/bx/n on input line 5.
LaTeX Font Info:    Overwriting math alphabet `\mathsf' in version `normal'
(Font)                  OT1/cmss/m/n --> TU/lmss/m/n on input line 5.
LaTeX Font Info:    Overwriting math alphabet `\mathtt' in version `normal'
(Font)                  OT1/cmtt/m/n --> TU/MyricaM(0)/m/n on input line 5.
LaTeX Font Info:    Overwriting symbol font `operators' in version `bold'
(Font)                  TU/lmr/m/n --> TU/lmr/bx/n on input line 5.
LaTeX Font Info:    Overwriting math alphabet `\mathit' in version `bold'
(Font)                  OT1/cmr/bx/it --> TU/lmr/bx/it on input line 5.
LaTeX Font Info:    Overwriting math alphabet `\mathsf' in version `bold'
(Font)                  OT1/cmss/bx/n --> TU/lmss/bx/n on input line 5.
LaTeX Font Info:    Overwriting math alphabet `\mathtt' in version `bold'
(Font)                  OT1/cmtt/m/n --> TU/MyricaM(0)/bx/n on input line 5.
 (e:/texlive/2017/texmf-dist/tex/context/base/mkii/supp-pdf.mkii
[Loading MPS to PDF converter (version 2006.09.02).]
\scratchcounter=\count287
\scratchdimen=\dimen173
\scratchbox=\box87
\nofMPsegments=\count288
\nofMParguments=\count289
\everyMPshowfont=\toks28
\MPscratchCnt=\count290
\MPscratchDim=\dimen174
\MPnumerator=\count291
\makeMPintoPDFobject=\count292
\everyMPtoPDFconversion=\toks29
) (e:/texlive/2017/texmf-dist/tex/latex/oberdiek/epstopdf-base.sty
Package: epstopdf-base 2016/05/15 v2.6 Base part for package epstopdf
 (e:/texlive/2017/texmf-dist/tex/latex/oberdiek/grfext.sty
Package: grfext 2016/05/16 v1.2 Manage graphics extensions (HO)
 (e:/texlive/2017/texmf-dist/tex/generic/oberdiek/kvdefinekeys.sty
Package: kvdefinekeys 2016/05/16 v1.4 Define keys (HO)
)) (e:/texlive/2017/texmf-dist/tex/latex/oberdiek/kvoptions.sty
Package: kvoptions 2016/05/16 v3.12 Key value format for package options (HO)
 (e:/texlive/2017/texmf-dist/tex/generic/oberdiek/kvsetkeys.sty
Package: kvsetkeys 2016/05/16 v1.17 Key value parser (HO)
 (e:/texlive/2017/texmf-dist/tex/generic/oberdiek/etexcmds.sty
Package: etexcmds 2016/05/16 v1.6 Avoid name clashes with e-TeX commands (HO)
)))
Package epstopdf-base Info: Redefining graphics rule for `.eps' on input line 438.
Package grfext Info: Graphics extension search list:
(grfext)             [.pdf,.png,.jpg,.mps,.jpeg,.jbig2,.jb2,.PDF,.PNG,.JPG,.JPEG,.JBIG2,.JB2,.eps]
(grfext)             \AppendGraphicsExtensions on input line 456.
 (e:/texlive/2017/texmf-dist/tex/latex/latexconfig/epstopdf-sys.cfg
File: epstopdf-sys.cfg 2010/07/13 v1.3 Configuration of (r)epstopdf for TeX Live
))(load luc: E:/texlive/2017/texmf-var/luatex-cache/generic/fonts/otl/lmroman5-regular.lub)
LaTeX Font Info:    Font shape `JT3/ipaexm(0)/m/n' will be
(Font)              scaled to size 4.8111pt on input line 9.
luaotfload | aux : font no 46 (nil) does not define feature vrt2 for script hani with language dflt
luaotfload | aux : no font with id 46
LaTeX Font Info:    Font shape `JY3/ipaexm(0)/m/n' will be
(Font)              scaled to size 4.8111pt on input line 9.
 [1{e:/texlive/2017/texmf-var/fonts/map/pdftex/updmap/pdftex.map}

] [2](load luc: E:/texlive/2017/texmf-var/luatex-cache/generic/fonts/otl/lmroman12-regular.lub)
LaTeX Font Info:    Font shape `JT3/ipaexm(0)/m/n' will be
(Font)              scaled to size 13.85594pt on input line 64.
luaotfload | aux : font no 49 (nil) does not define feature vrt2 for script hani with language dflt
luaotfload | aux : no font with id 49
LaTeX Font Info:    Font shape `JY3/ipaexm(0)/m/n' will be
(Font)              scaled to size 13.85594pt on input line 64.
(load luc: E:/texlive/2017/texmf-var/luatex-cache/generic/fonts/otl/lmroman12-bold.lub)
LaTeX Font Info:    Font shape `JT3/ipaexm(0)/bx/n' will be
(Font)              scaled to size 13.85594pt on input line 64.
luaotfload | aux : font no 49 (nil) does not define feature vrt2 for script hani with language dflt
luaotfload | aux : no font with id 49
LaTeX Font Info:    Font shape `JY3/ipaexm(0)/bx/n' will be
(Font)              scaled to size 13.85594pt on input line 64.
 [3] [4]
LaTeX Font Info:    Font shape `JT3/ipaexm(0)/m/n' will be
(Font)              scaled to size 16.62714pt on input line 113.
luaotfload | aux : font no 53 (nil) does not define feature vrt2 for script hani with language dflt
luaotfload | aux : no font with id 53
LaTeX Font Info:    Font shape `JY3/ipaexm(0)/m/n' will be
(Font)              scaled to size 16.62714pt on input line 113.
 [5] [6] [7]
LaTeX Font Info:    Font shape `JT3/ipaexm(0)/m/n' will be
(Font)              scaled to size 19.95642pt on input line 145.
luaotfload | aux : font no 57 (nil) does not define feature vrt2 for script hani with language dflt
luaotfload | aux : no font with id 57
LaTeX Font Info:    Font shape `JY3/ipaexm(0)/m/n' will be
(Font)              scaled to size 19.95642pt on input line 145.
LaTeX Font Info:    Font shape `JT3/ipaexm(0)/bx/n' will be
(Font)              scaled to size 19.95642pt on input line 145.
luaotfload | aux : font no 57 (nil) does not define feature vrt2 for script hani with language dflt
luaotfload | aux : no font with id 57
LaTeX Font Info:    Font shape `JY3/ipaexm(0)/bx/n' will be
(Font)              scaled to size 19.95642pt on input line 145.
(load luc: E:/texlive/2017/texmf-var/luatex-cache/generic/fonts/otl/soukoumincho.lub)
\g__fontspec_family_SoukouMincho_int=\count293
.................................................
. fontspec info: "no-font-shape"
. 
. Could not resolve font "SoukouMincho/BI" (it probably doesn't exist).
.................................................
.................................................
. fontspec info: "no-font-shape"
. 
. Could not resolve font "SoukouMincho/B" (it probably doesn't exist).
.................................................
.................................................
. fontspec info: "no-font-shape"
. 
. Could not resolve font "SoukouMincho/I" (it probably doesn't exist).
.................................................
luaotfload | aux : font no 60 (nil) does not define feature smcp for script latn with language dflt
luaotfload | aux : no font with id 60
LaTeX Font Info:    Font shape `JT3/ipaexm(0)/bx/n' will be
(Font)              scaled to size 9.6222pt on input line 145.
luaotfload | aux : font no 42 (nil) does not define feature vrt2 for script hani with language dflt
luaotfload | aux : no font with id 42
LaTeX Font Info:    Font shape `JY3/ipaexm(0)/bx/n' will be
(Font)              scaled to size 9.6222pt on input line 145.
.................................................
. fontspec info: "defining-font"
. 
. Font family 'SoukouMincho(0)' created for font 'SoukouMincho' with options
. [Ligatures=TeX].
.  
.  This font family consists of the following NFSS series/shapes:
.  
. - 'normal' (m/n) with NFSS spec.:
. <->"SoukouMincho:mode=node;script=latn;language=DFLT;+tlig;"
. - 'small caps'  (m/sc) with NFSS spec.: 
.................................................
LaTeX Info: Redefining \rmfamily on input line 145.
LaTeX Font Info:    Font shape `JT3/ipaexm(0)/m/n' will be
(Font)              scaled to size 11.54663pt on input line 145.
luaotfload | aux : font no 64 (nil) does not define feature vrt2 for script hani with language dflt
luaotfload | aux : no font with id 64
LaTeX Font Info:    Font shape `JY3/ipaexm(0)/m/n' will be
(Font)              scaled to size 11.54663pt on input line 145.
 [8

] [9] [10] [11] [12] [13] [14] [15] [16] [17] [18] [19] [20] [21] [22] [23] [24] [25] [26] [27] [28] [29] [30] [31] [32] [33] [34] [35] [36] [37] [38] [39] [40] [41] [42] [43] [44] [45] [46] [47] [48] (./NenokuniSection1.aux)

LaTeX Font Warning: Some font shapes were not available, defaults substituted.

)

Here is how much of LuaTeX's memory you used:
 15016 strings out of 494483
 305211,552014 words of node,token memory allocated
 17291 words of node memory still in use:
   25 hlist, 1 vlist, 4 rule, 15 glue, 103 kern, 1 glyph, 3681 attribute, 1707 glue_spec, 191 attribute_list, 1 write, 11 user_defined, 1 pdf_setmatrix, 1 pdf_save, 1 pdf_restore nodes
   avail lists: 1:7,2:67154,3:7687,4:182,5:4127,6:2464,7:3338,8:51,9:2575,10:38,11:8
 18558 multiletter control sequences out of 65536+600000
 66 fonts using 51955095 bytes
 60i,7n,95p,914b,994s stack positions out of 5000i,500n,10000p,200000b,100000s
<e:/texlive/2017/texmf-dist/fonts/opentype/public/lm/lmroman5-regular.otf><c:/WINDOWS/fonts/myrica.ttc><e:/texlive/2017/texmf-dist/fonts/opentype/public/lm/lmroman12-bold.otf><e:/texlive/2017/texmf-dist/fonts/truetype/public/ipaex/ipaexm.ttf><e:/texlive/2017/texmf-dist/fonts/opentype/public/lm/lmroman10-regular.otf><e:/texlive/2017/texmf-dist/fonts/type1/urw/zapfding/uzdr.pfb>
Output written on NenokuniSection1.pdf (48 pages, 1083696 bytes).

PDF statistics: 194 PDF objects out of 1000 (max. 8388607)
 126 compressed objects within 2 object streams
 0 named destinations out of 1000 (max. 131072)
 1 words of extra memory for PDF output out of 10000 (max. 100000000)

